********************************************************************************
DUPLICATOR-LITE PACKAGE-LOG: 2 de May de 2023 14:54
NOTICE: Do NOT post to public sites or forums 
********************************************************************************
VERSION:	1.5.3.1
WORDPRESS:	6.2
PHP INFO:	8.1.12 | SAPI: apache2handler
SERVER:		Apache/2.4.54 (Win64) OpenSSL/1.1.1p PHP/8.1.12 
PHP TIME LIMIT: (0) no time limit imposed 
PHP MAX MEMORY: 4294967296 (512M default) 
MEMORY STACK: 58MB

********************************************************************************
DATABASE:
********************************************************************************
BUILD MODE:   MYSQLDUMP
MYSQLTIMEOUT: 5000
MYSQLDUMP:    Is Supported
SQL CREATED: 20230502_vidazen_bbd711119d9ebb141034_20230502145339_database.sql
SQL FILE SIZE: 3.63MB (3808141)
SQL FILE TIME: 2023-05-02 14:54:27
SQL RUNTIME: 9.12 sec.

********************************************************************************
ARCHIVE (ZIP):
********************************************************************************
ARCHIVE DIR:  C:/xampp/htdocs/vidazen
ARCHIVE FILE: 20230502_vidazen_bbd711119d9ebb141034_20230502145339_archive.zip
FILTERS: *OFF*
DIRS:
	not set
FILES:
	not set
EXTS:  not set
----------------------------------------
COMPRESSING
SIZE:	115.6MB
STATS:	Dirs 1,193 | Files 6,097
SQL ADDED: 20230502_vidazen_bbd711119d9ebb141034_20230502145339_database.sql
ZipArchive Object
(
    [lastId] => 7289
    [status] => 0
    [statusSys] => 0
    [numFiles] => 7290
    [filename] => C:\xampp\htdocs\vidazen\wp-content\backups-dup-lite\tmp\20230502_vidazen_bbd711119d9ebb141034_20230502145339_archive.zip
    [comment] => 
)

FILE ADDED TO ZIP: 7289
COMPRESSION RESULT: '1'
COMPRESSED SIZE: 42.55MB
ARCHIVE RUNTIME: 6.39 sec.
MEMORY STACK: 60MB
building installer
ARCHIVE CONSISTENCY TEST: PASS

********************************************************************************
INTEGRITY CHECKS:
********************************************************************************
SQL FILE: 3.63MB
INSTALLER FILE: 73.35KB
ARCHIVE FILE: 44.43MB 
EXPECTED FILE/DIRECTORY COUNT: 7,290
ACTUAL FILE/DIRECTORY COUNT: 7,289
ARCHIVE CONSISTENCY TEST: Pass

********************************************************************************
RECORD ID:[1]
TOTAL PROCESS RUNTIME: 16.23 sec.
PEAK PHP MEMORY USED: 62MB
DONE PROCESSING => 20230502_vidazen 2 de May de 2023 14:54

